<?xml version="1.0" encoding="UTF-8"?>
<testsuite xmlns:xsi="http://www.w3.org/2001/XMLSchema-instance" xsi:noNamespaceSchemaLocation="https://maven.apache.org/surefire/maven-surefire-plugin/xsd/surefire-test-report-3.0.xsd" version="3.0" name="com.org.DemoProjectApplicationTests" time="8.866" tests="1" errors="0" skipped="0" failures="0">
  <properties>
[...]
</properties>
  <testcase name="contextLoads" classname="com.org.DemoProjectApplicationTests" time="0.577">
    <system-out><![CDATA[12:51:42.308 [main] INFO org.springframework.test.context.support.AnnotationConfigContextLoaderUtils -- Could not detect default configuration classes for test class [com.org.DemoProjectApplicationTests]: DemoProjectApplicationTests does not declare any static, non-private, non-final, nested classes annotated with @Configuration.
12:51:42.440 [main] INFO org.springframework.boot.test.context.SpringBootTestContextBootstrapper -- Found @SpringBootConfiguration com.org.DemoProjectApplication for test class com.org.DemoProjectApplicationTests

  .   ____          _            __ _ _
 /\\ / ___'_ __ _ _(_)_ __  __ _ \ \ \ \
( ( )\___ | '_ | '_| | '_ \/ _` | \ \ \ \
 \\/  ___)| |_)| | | | | || (_| |  ) ) ) )
  '  |____| .__|_| |_|_| |_\__, | / / / /
 =========|_|==============|___/=/_/_/_/

 :: Spring Boot ::                (v3.3.2)

2024-08-20T12:51:42.876+08:00  INFO 6256 --- [demo-project] [           main] com.org.DemoProjectApplicationTests      : Starting DemoProjectApplicationTests using Java 21.0.4 with PID 6256 (started by Saagiraju in D:\CodeBase\my_repo\hub\projects\demo-project)
2024-08-20T12:51:42.877+08:00  INFO 6256 --- [demo-project] [           main] com.org.DemoProjectApplicationTests      : No active profile set, falling back to 1 default profile: "default"
2024-08-20T12:51:43.983+08:00  INFO 6256 --- [demo-project] [           main] .s.d.r.c.RepositoryConfigurationDelegate : Bootstrapping Spring Data JPA repositories in DEFAULT mode.
2024-08-20T12:51:44.096+08:00  INFO 6256 --- [demo-project] [           main] .s.d.r.c.RepositoryConfigurationDelegate : Finished Spring Data repository scanning in 106 ms. Found 1 JPA repository interface.
2024-08-20T12:51:45.181+08:00  INFO 6256 --- [demo-project] [           main] o.hibernate.jpa.internal.util.LogHelper  : HHH000204: Processing PersistenceUnitInfo [name: default]
2024-08-20T12:51:45.405+08:00  INFO 6256 --- [demo-project] [           main] org.hibernate.Version                    : HHH000412: Hibernate ORM core version 6.5.2.Final
2024-08-20T12:51:45.463+08:00  INFO 6256 --- [demo-project] [           main] o.h.c.internal.RegionFactoryInitiator    : HHH000026: Second-level cache disabled
2024-08-20T12:51:45.938+08:00  INFO 6256 --- [demo-project] [           main] o.s.o.j.p.SpringPersistenceUnitInfo      : No LoadTimeWeaver setup: ignoring JPA class transformer
2024-08-20T12:51:45.959+08:00  INFO 6256 --- [demo-project] [           main] com.zaxxer.hikari.HikariDataSource       : HikariPool-1 - Starting...
2024-08-20T12:51:46.120+08:00  INFO 6256 --- [demo-project] [           main] com.zaxxer.hikari.pool.HikariPool        : HikariPool-1 - Added connection conn0: url=jdbc:h2:mem:testdb user=SA
2024-08-20T12:51:46.122+08:00  INFO 6256 --- [demo-project] [           main] com.zaxxer.hikari.HikariDataSource       : HikariPool-1 - Start completed.
2024-08-20T12:51:46.146+08:00  WARN 6256 --- [demo-project] [           main] org.hibernate.orm.deprecation            : HHH90000025: H2Dialect does not need to be specified explicitly using 'hibernate.dialect' (remove the property setting and it will be selected by default)
2024-08-20T12:51:47.057+08:00  INFO 6256 --- [demo-project] [           main] o.h.e.t.j.p.i.JtaPlatformInitiator       : HHH000489: No JTA platform available (set 'hibernate.transaction.jta.platform' to enable JTA platform integration)
Hibernate: create table repo_stats (id bigint not null, clone_url varchar(255), created_at timestamp(6), description varchar(255), full_name varchar(255), stargazers_count integer not null, primary key (id))
Hibernate: create sequence repo_stats_seq start with 1 increment by 50
2024-08-20T12:51:47.089+08:00  INFO 6256 --- [demo-project] [           main] j.LocalContainerEntityManagerFactoryBean : Initialized JPA EntityManagerFactory for persistence unit 'default'
2024-08-20T12:51:47.885+08:00  INFO 6256 --- [demo-project] [           main] o.s.d.j.r.query.QueryEnhancerFactory     : Hibernate is in classpath; If applicable, HQL parser will be used.
2024-08-20T12:51:48.806+08:00  WARN 6256 --- [demo-project] [           main] JpaBaseConfiguration$JpaWebConfiguration : spring.jpa.open-in-view is enabled by default. Therefore, database queries may be performed during view rendering. Explicitly configure spring.jpa.open-in-view to disable this warning
2024-08-20T12:51:50.054+08:00  INFO 6256 --- [demo-project] [           main] o.s.b.a.h2.H2ConsoleAutoConfiguration    : H2 console available at '/h2-ui'. Database available at 'jdbc:h2:mem:testdb'
2024-08-20T12:51:50.117+08:00  INFO 6256 --- [demo-project] [           main] o.s.b.a.e.web.EndpointLinksResolver      : Exposing 1 endpoint beneath base path '/actuator'
2024-08-20T12:51:50.289+08:00  INFO 6256 --- [demo-project] [           main] com.org.DemoProjectApplicationTests      : Started DemoProjectApplicationTests in 7.695 seconds (process running for 8.859)
]]></system-out>
    <system-err><![CDATA[WARNING: A Java agent has been loaded dynamically (C:\Users\Saagiraju\.m2\repository\net\bytebuddy\byte-buddy-agent\1.14.18\byte-buddy-agent-1.14.18.jar)
WARNING: If a serviceability tool is in use, please run with -XX:+EnableDynamicAgentLoading to hide this warning
WARNING: If a serviceability tool is not in use, please run with -Djdk.instrument.traceUsage for more information
WARNING: Dynamic loading of agents will be disallowed by default in a future release
]]></system-err>
  </testcase>
</testsuite>